<?xml version="1.0" encoding="UTF-8"?>
<!-- Generated by org.testng.reporters.JUnitReportReporter -->
<testsuite hostname="LAPTOP-M7NDOE15" failures="0" tests="1" name="scenario_3.RegisterStationWithOutAPIKey" time="1.227" errors="0" timestamp="12 Oct 2020 08:49:48 GMT" skipped="0">
  <testcase classname="scenario_3.RegisterStationWithOutAPIKey" name="validateRegisterStation" time="1.227"/>
</testsuite> <!-- scenario_3.RegisterStationWithOutAPIKey -->
