<?xml version="1.0" encoding="UTF-8"?>
<!-- Generated by org.testng.reporters.JUnitReportReporter -->
<testsuite hostname="LAPTOP-M7NDOE15" failures="0" tests="1" name="scenario_3.WeatherMapStation" time="1.238" errors="0" timestamp="08 Oct 2020 09:53:12 GMT" skipped="0">
  <testcase classname="scenario_3.WeatherMapStation" name="validateRegisterStation" time="1.238"/>
</testsuite> <!-- scenario_3.WeatherMapStation -->
